running adenine.xyz
charge = 0
T electron = 300
WARNING: Geometry.hpp - Torsion: dihedral close to end of range definition
WARNING: Geometry.hpp - Torsion: dihedral close to end of range definition
WARNING: Geometry.hpp - Torsion: dihedral close to end of range definition
WARNING: Geometry.hpp - Torsion: dihedral close to end of range definition
WARNING: Geometry.hpp - Torsion: dihedral close to end of range definition
WARNING: Geometry.hpp - Torsion: dihedral close to end of range definition
WARNING: Geometry.hpp - Torsion: dihedral close to end of range definition
WARNING: Geometry.hpp - Torsion: dihedral close to end of range definition
WARNING: Geometry.hpp - Torsion: dihedral close to end of range definition
WARNING: Geometry.hpp - Torsion: dihedral close to end of range definition
WARNING: Geometry.hpp - Torsion: dihedral close to end of range definition
WARNING: Geometry.hpp - Torsion: dihedral close to end of range definition
WARNING: Geometry.hpp - Torsion: dihedral close to end of range definition
WARNING: Geometry.hpp - Torsion: dihedral close to end of range definition
WARNING: Geometry.hpp - Torsion: dihedral close to end of range definition
WARNING: Geometry.hpp - Torsion: dihedral close to end of range definition
WARNING: Geometry.hpp - Torsion: dihedral close to end of range definition
WARNING: Geometry.hpp - Torsion: dihedral close to end of range definition
WARNING: Geometry.hpp - Torsion: dihedral close to end of range definition
WARNING: Geometry.hpp - Torsion: dihedral close to end of range definition
WARNING: Geometry.hpp - Torsion: dihedral close to end of range definition
WARNING: Geometry.hpp - Torsion: dihedral close to end of range definition
WARNING: Geometry.hpp - Torsion: dihedral close to end of range definition
WARNING: Geometry.hpp - Torsion: dihedral close to end of range definition
WARNING: Geometry.hpp - Torsion: dihedral close to end of range definition
WARNING: Geometry.hpp - Torsion: dihedral close to end of range definition
WARNING: Geometry.hpp - Torsion: dihedral close to end of range definition
WARNING: Geometry.hpp - Torsion: dihedral close to end of range definition
WARNING: Geometry.hpp - Torsion: dihedral close to end of range definition
WARNING: Geometry.hpp - Torsion: dihedral close to end of range definition
WARNING: Geometry.hpp - Torsion: dihedral close to end of range definition
WARNING: Geometry.hpp - Torsion: dihedral close to end of range definition
WARNING: Geometry.hpp - Torsion: dihedral close to end of range definition
WARNING: Geometry.hpp - Torsion: dihedral close to end of range definition
WARNING: Geometry.hpp - Torsion: dihedral close to end of range definition
WARNING: Geometry.hpp - Torsion: dihedral close to end of range definition
WARNING: Geometry.hpp - Torsion: dihedral close to end of range definition
WARNING: Geometry.hpp - Torsion: dihedral close to end of range definition
WARNING: Geometry.hpp - Torsion: dihedral close to end of range definition
WARNING: Geometry.hpp - Torsion: dihedral close to end of range definition
WARNING: Geometry.hpp - Torsion: dihedral close to end of range definition
WARNING: Geometry.hpp - Torsion: dihedral close to end of range definition
WARNING: Geometry.hpp - Torsion: dihedral close to end of range definition
WARNING: Geometry.hpp - Torsion: dihedral close to end of range definition
WARNING: Geometry.hpp - Torsion: dihedral close to end of range definition
WARNING: Geometry.hpp - Torsion: dihedral close to end of range definition
WARNING: Geometry.hpp - Torsion: dihedral close to end of range definition
WARNING: Geometry.hpp - Torsion: dihedral close to end of range definition
WARNING: Geometry.hpp - Torsion: dihedral close to end of range definition
WARNING: Geometry.hpp - Torsion: dihedral close to end of range definition
WARNING: Geometry.hpp - Torsion: dihedral close to end of range definition
WARNING: Geometry.hpp - Torsion: dihedral close to end of range definition
WARNING: Geometry.hpp - Torsion: dihedral close to end of range definition
WARNING: Geometry.hpp - Torsion: dihedral close to end of range definition
WARNING: Geometry.hpp - Torsion: dihedral close to end of range definition
WARNING: Geometry.hpp - Torsion: dihedral close to end of range definition
WARNING: Geometry.hpp - Torsion: dihedral close to end of range definition
WARNING: Geometry.hpp - Torsion: dihedral close to end of range definition
WARNING: Geometry.hpp - Torsion: dihedral close to end of range definition
WARNING: Geometry.hpp - Torsion: dihedral close to end of range definition
WARNING: Geometry.hpp - Torsion: dihedral close to end of range definition
WARNING: Geometry.hpp - Torsion: dihedral close to end of range definition
WARNING: Geometry.hpp - Torsion: dihedral close to end of range definition
WARNING: Geometry.hpp - Torsion: dihedral close to end of range definition
WARNING: Geometry.hpp - Torsion: dihedral close to end of range definition
WARNING: Geometry.hpp - Torsion: dihedral close to end of range definition
WARNING: Geometry.hpp - Torsion: dihedral close to end of range definition
WARNING: Geometry.hpp - Torsion: dihedral close to end of range definition
WARNING: Geometry.hpp - Torsion: dihedral close to end of range definition
WARNING: Geometry.hpp - Torsion: dihedral close to end of range definition
WARNING: Geometry.hpp - Torsion: dihedral close to end of range definition
WARNING: Geometry.hpp - Torsion: dihedral close to end of range definition
WARNING: Geometry.hpp - Torsion: dihedral close to end of range definition
WARNING: Geometry.hpp - Torsion: dihedral close to end of range definition
WARNING: Geometry.hpp - Torsion: dihedral close to end of range definition
WARNING: Geometry.hpp - Torsion: dihedral close to end of range definition
WARNING: Geometry.hpp - Torsion: dihedral close to end of range definition
WARNING: Geometry.hpp - Torsion: dihedral close to end of range definition
WARNING: Geometry.hpp - Torsion: dihedral close to end of range definition
WARNING: Geometry.hpp - Torsion: dihedral close to end of range definition
WARNING: Geometry.hpp - Torsion: dihedral close to end of range definition
WARNING: Geometry.hpp - Torsion: dihedral close to end of range definition
WARNING: Geometry.hpp - Torsion: dihedral close to end of range definition
WARNING: Geometry.hpp - Torsion: dihedral close to end of range definition
WARNING: Geometry.hpp - Torsion: dihedral close to end of range definition
WARNING: Geometry.hpp - Torsion: dihedral close to end of range definition
WARNING: Geometry.hpp - Torsion: dihedral close to end of range definition
WARNING: Geometry.hpp - Torsion: dihedral close to end of range definition
WARNING: Geometry.hpp - Torsion: dihedral close to end of range definition
WARNING: Geometry.hpp - Torsion: dihedral close to end of range definition
WARNING: Geometry.hpp - Torsion: dihedral close to end of range definition
WARNING: Geometry.hpp - Torsion: dihedral close to end of range definition
WARNING: Geometry.hpp - Torsion: dihedral close to end of range definition
WARNING: Geometry.hpp - Torsion: dihedral close to end of range definition
WARNING: Geometry.hpp - Torsion: dihedral close to end of range definition
WARNING: Geometry.hpp - Torsion: dihedral close to end of range definition
WARNING: Geometry.hpp - Torsion: dihedral close to end of range definition
WARNING: Geometry.hpp - Torsion: dihedral close to end of range definition
WARNING: Geometry.hpp - Torsion: dihedral close to end of range definition
WARNING: Geometry.hpp - Torsion: dihedral close to end of range definition
WARNING: Geometry.hpp - Torsion: dihedral close to end of range definition
WARNING: Geometry.hpp - Torsion: dihedral close to end of range definition
WARNING: Geometry.hpp - Torsion: dihedral close to end of range definition
WARNING: Geometry.hpp - Torsion: dihedral close to end of range definition
WARNING: Geometry.hpp - Torsion: dihedral close to end of range definition
WARNING: Geometry.hpp - Torsion: dihedral close to end of range definition
WARNING: Geometry.hpp - Torsion: dihedral close to end of range definition
WARNING: Geometry.hpp - Torsion: dihedral close to end of range definition
WARNING: Geometry.hpp - Torsion: dihedral close to end of range definition
WARNING: Geometry.hpp - Torsion: dihedral close to end of range definition
WARNING: Geometry.hpp - Torsion: dihedral close to end of range definition
WARNING: Geometry.hpp - Torsion: dihedral close to end of range definition
WARNING: Geometry.hpp - Torsion: dihedral close to end of range definition
WARNING: Geometry.hpp - Torsion: dihedral close to end of range definition
WARNING: Geometry.hpp - Torsion: dihedral close to end of range definition
WARNING: Geometry.hpp - Torsion: dihedral close to end of range definition
WARNING: Geometry.hpp - Torsion: dihedral close to end of range definition
WARNING: Geometry.hpp - Torsion: dihedral close to end of range definition
WARNING: Geometry.hpp - Torsion: dihedral close to end of range definition
WARNING: Geometry.hpp - Torsion: dihedral close to end of range definition
WARNING: Geometry.hpp - Torsion: dihedral close to end of range definition
WARNING: Geometry.hpp - Torsion: dihedral close to end of range definition
WARNING: Geometry.hpp - Torsion: dihedral close to end of range definition
WARNING: Geometry.hpp - Torsion: dihedral close to end of range definition
WARNING: Geometry.hpp - Torsion: dihedral close to end of range definition
WARNING: Geometry.hpp - Torsion: dihedral close to end of range definition
WARNING: Geometry.hpp - Torsion: dihedral close to end of range definition
WARNING: Geometry.hpp - Torsion: dihedral close to end of range definition
WARNING: Geometry.hpp - Torsion: dihedral close to end of range definition
WARNING: Geometry.hpp - Torsion: dihedral close to end of range definition
WARNING: Geometry.hpp - Torsion: dihedral close to end of range definition
WARNING: Geometry.hpp - Torsion: dihedral close to end of range definition
WARNING: Geometry.hpp - Torsion: dihedral close to end of range definition
WARNING: Geometry.hpp - Torsion: dihedral close to end of range definition
WARNING: Geometry.hpp - Torsion: dihedral close to end of range definition
WARNING: Geometry.hpp - Torsion: dihedral close to end of range definition
WARNING: Geometry.hpp - Torsion: dihedral close to end of range definition
WARNING: Geometry.hpp - Torsion: dihedral close to end of range definition
WARNING: Geometry.hpp - Torsion: dihedral close to end of range definition
WARNING: Geometry.hpp - Torsion: dihedral close to end of range definition
WARNING: Geometry.hpp - Torsion: dihedral close to end of range definition
WARNING: Geometry.hpp - Torsion: dihedral close to end of range definition
WARNING: Geometry.hpp - Torsion: dihedral close to end of range definition
WARNING: Geometry.hpp - Torsion: dihedral close to end of range definition
WARNING: Geometry.hpp - Torsion: dihedral close to end of range definition
WARNING: Geometry.hpp - Torsion: dihedral close to end of range definition
WARNING: Geometry.hpp - Torsion: dihedral close to end of range definition
WARNING: Geometry.hpp - Torsion: dihedral close to end of range definition
WARNING: Geometry.hpp - Torsion: dihedral close to end of range definition
WARNING: Geometry.hpp - Torsion: dihedral close to end of range definition
WARNING: Geometry.hpp - Torsion: dihedral close to end of range definition
WARNING: Geometry.hpp - Torsion: dihedral close to end of range definition
WARNING: Geometry.hpp - Torsion: dihedral close to end of range definition
WARNING: Geometry.hpp - Torsion: dihedral close to end of range definition
WARNING: Geometry.hpp - Torsion: dihedral close to end of range definition
WARNING: Geometry.hpp - Torsion: dihedral close to end of range definition
WARNING: Geometry.hpp - Torsion: dihedral close to end of range definition
WARNING: Geometry.hpp - Torsion: dihedral close to end of range definition
WARNING: Geometry.hpp - Torsion: dihedral close to end of range definition
WARNING: Geometry.hpp - Torsion: dihedral close to end of range definition
WARNING: Geometry.hpp - Torsion: dihedral close to end of range definition
WARNING: Geometry.hpp - Torsion: dihedral close to end of range definition
WARNING: Geometry.hpp - Torsion: dihedral close to end of range definition
WARNING: Geometry.hpp - Torsion: dihedral close to end of range definition
WARNING: Geometry.hpp - Torsion: dihedral close to end of range definition
WARNING: Geometry.hpp - Torsion: dihedral close to end of range definition
WARNING: Geometry.hpp - Torsion: dihedral close to end of range definition
WARNING: Geometry.hpp - Torsion: dihedral close to end of range definition
WARNING: Geometry.hpp - Torsion: dihedral close to end of range definition
WARNING: Geometry.hpp - Torsion: dihedral close to end of range definition
WARNING: Geometry.hpp - Torsion: dihedral close to end of range definition
WARNING: Geometry.hpp - Torsion: dihedral close to end of range definition
WARNING: Geometry.hpp - Torsion: dihedral close to end of range definition
WARNING: Geometry.hpp - Torsion: dihedral close to end of range definition
WARNING: Geometry.hpp - Torsion: dihedral close to end of range definition
WARNING: Geometry.hpp - Torsion: dihedral close to end of range definition
WARNING: Geometry.hpp - Torsion: dihedral close to end of range definition
WARNING: Geometry.hpp - Torsion: dihedral close to end of range definition
WARNING: Geometry.hpp - Torsion: dihedral close to end of range definition
WARNING: Geometry.hpp - Torsion: dihedral close to end of range definition
WARNING: Geometry.hpp - Torsion: dihedral close to end of range definition
WARNING: Geometry.hpp - Torsion: dihedral close to end of range definition
WARNING: Geometry.hpp - Torsion: dihedral close to end of range definition
WARNING: Geometry.hpp - Torsion: dihedral close to end of range definition
WARNING: Geometry.hpp - Torsion: dihedral close to end of range definition
WARNING: Geometry.hpp - Torsion: dihedral close to end of range definition
WARNING: Geometry.hpp - Torsion: dihedral close to end of range definition
WARNING: Geometry.hpp - Torsion: dihedral close to end of range definition
WARNING: Geometry.hpp - Torsion: dihedral close to end of range definition
WARNING: Geometry.hpp - Torsion: dihedral close to end of range definition
WARNING: Geometry.hpp - Torsion: dihedral close to end of range definition
WARNING: Geometry.hpp - Torsion: dihedral close to end of range definition
WARNING: Geometry.hpp - Torsion: dihedral close to end of range definition
WARNING: Geometry.hpp - Torsion: dihedral close to end of range definition
WARNING: Geometry.hpp - Torsion: dihedral close to end of range definition
WARNING: Geometry.hpp - Torsion: dihedral close to end of range definition
WARNING: Geometry.hpp - Torsion: dihedral close to end of range definition
WARNING: Geometry.hpp - Torsion: dihedral close to end of range definition
WARNING: Geometry.hpp - Torsion: dihedral close to end of range definition
WARNING: Geometry.hpp - Torsion: dihedral close to end of range definition
WARNING: Geometry.hpp - Torsion: dihedral close to end of range definition
WARNING: Geometry.hpp - Torsion: dihedral close to end of range definition
WARNING: Geometry.hpp - Torsion: dihedral close to end of range definition
WARNING: Geometry.hpp - Torsion: dihedral close to end of range definition
WARNING: Geometry.hpp - Torsion: dihedral close to end of range definition
WARNING: Geometry.hpp - Torsion: dihedral close to end of range definition
WARNING: Geometry.hpp - Torsion: dihedral close to end of range definition
WARNING: Geometry.hpp - Torsion: dihedral close to end of range definition
WARNING: Geometry.hpp - Torsion: dihedral close to end of range definition
WARNING: Geometry.hpp - Torsion: dihedral close to end of range definition
WARNING: Geometry.hpp - Torsion: dihedral close to end of range definition
WARNING: Geometry.hpp - Torsion: dihedral close to end of range definition
WARNING: Geometry.hpp - Torsion: dihedral close to end of range definition
WARNING: Geometry.hpp - Torsion: dihedral close to end of range definition
WARNING: Geometry.hpp - Torsion: dihedral close to end of range definition
WARNING: Geometry.hpp - Torsion: dihedral close to end of range definition
WARNING: Geometry.hpp - Torsion: dihedral close to end of range definition
WARNING: Geometry.hpp - Torsion: dihedral close to end of range definition
WARNING: Geometry.hpp - Torsion: dihedral close to end of range definition
WARNING: Geometry.hpp - Torsion: dihedral close to end of range definition
WARNING: Geometry.hpp - Torsion: dihedral close to end of range definition
WARNING: Geometry.hpp - Torsion: dihedral close to end of range definition
WARNING: Geometry.hpp - Torsion: dihedral close to end of range definition
WARNING: Geometry.hpp - Torsion: dihedral close to end of range definition
WARNING: Geometry.hpp - Torsion: dihedral close to end of range definition
WARNING: Geometry.hpp - Torsion: dihedral close to end of range definition
WARNING: Geometry.hpp - Torsion: dihedral close to end of range definition
WARNING: Geometry.hpp - Torsion: dihedral close to end of range definition
WARNING: Geometry.hpp - Torsion: dihedral close to end of range definition
WARNING: Geometry.hpp - Torsion: dihedral close to end of range definition
WARNING: Geometry.hpp - Torsion: dihedral close to end of range definition
WARNING: Geometry.hpp - Torsion: dihedral close to end of range definition
WARNING: Geometry.hpp - Torsion: dihedral close to end of range definition
WARNING: Geometry.hpp - Torsion: dihedral close to end of range definition
WARNING: Geometry.hpp - Torsion: dihedral close to end of range definition
WARNING: Geometry.hpp - Torsion: dihedral close to end of range definition
WARNING: Geometry.hpp - Torsion: dihedral close to end of range definition
WARNING: Geometry.hpp - Torsion: dihedral close to end of range definition
WARNING: Geometry.hpp - Torsion: dihedral close to end of range definition
WARNING: Geometry.hpp - Torsion: dihedral close to end of range definition
WARNING: Geometry.hpp - Torsion: dihedral close to end of range definition
WARNING: Geometry.hpp - Torsion: dihedral close to end of range definition
WARNING: Geometry.hpp - Torsion: dihedral close to end of range definition
WARNING: Geometry.hpp - Torsion: dihedral close to end of range definition
WARNING: Geometry.hpp - Torsion: dihedral close to end of range definition
WARNING: Geometry.hpp - Torsion: dihedral close to end of range definition
WARNING: Geometry.hpp - Torsion: dihedral close to end of range definition
WARNING: Geometry.hpp - Torsion: dihedral close to end of range definition
WARNING: Geometry.hpp - Torsion: dihedral close to end of range definition
WARNING: Geometry.hpp - Torsion: dihedral close to end of range definition
WARNING: Geometry.hpp - Torsion: dihedral close to end of range definition
WARNING: Geometry.hpp - Torsion: dihedral close to end of range definition
WARNING: Geometry.hpp - Torsion: dihedral close to end of range definition
WARNING: Geometry.hpp - Torsion: dihedral close to end of range definition
WARNING: Geometry.hpp - Torsion: dihedral close to end of range definition
WARNING: Geometry.hpp - Torsion: dihedral close to end of range definition
WARNING: Geometry.hpp - Torsion: dihedral close to end of range definition
WARNING: Geometry.hpp - Torsion: dihedral close to end of range definition
WARNING: Geometry.hpp - Torsion: dihedral close to end of range definition
WARNING: Geometry.hpp - Torsion: dihedral close to end of range definition
WARNING: Geometry.hpp - Torsion: dihedral close to end of range definition
WARNING: Geometry.hpp - Torsion: dihedral close to end of range definition
WARNING: Geometry.hpp - Torsion: dihedral close to end of range definition
WARNING: Geometry.hpp - Torsion: dihedral close to end of range definition
WARNING: Geometry.hpp - Torsion: dihedral close to end of range definition
WARNING: Geometry.hpp - Torsion: dihedral close to end of range definition
WARNING: Geometry.hpp - Torsion: dihedral close to end of range definition
WARNING: Geometry.hpp - Torsion: dihedral close to end of range definition
WARNING: Geometry.hpp - Torsion: dihedral close to end of range definition
WARNING: Geometry.hpp - Torsion: dihedral close to end of range definition
WARNING: Geometry.hpp - Torsion: dihedral close to end of range definition
WARNING: Geometry.hpp - Torsion: dihedral close to end of range definition
WARNING: Geometry.hpp - Torsion: dihedral close to end of range definition
WARNING: Geometry.hpp - Torsion: dihedral close to end of range definition
WARNING: Geometry.hpp - Torsion: dihedral close to end of range definition
WARNING: Geometry.hpp - Torsion: dihedral close to end of range definition
WARNING: Geometry.hpp - Torsion: dihedral close to end of range definition
WARNING: Geometry.hpp - Torsion: dihedral close to end of range definition
WARNING: Geometry.hpp - Torsion: dihedral close to end of range definition
WARNING: Geometry.hpp - Torsion: dihedral close to end of range definition
WARNING: Geometry.hpp - Torsion: dihedral close to end of range definition
WARNING: Geometry.hpp - Torsion: dihedral close to end of range definition
WARNING: Geometry.hpp - Torsion: dihedral close to end of range definition
WARNING: Geometry.hpp - Torsion: dihedral close to end of range definition
WARNING: Geometry.hpp - Torsion: dihedral close to end of range definition
WARNING: Geometry.hpp - Torsion: dihedral close to end of range definition
WARNING: Geometry.hpp - Torsion: dihedral close to end of range definition
WARNING: Geometry.hpp - Torsion: dihedral close to end of range definition
WARNING: Geometry.hpp - Torsion: dihedral close to end of range definition
WARNING: Geometry.hpp - Torsion: dihedral close to end of range definition
WARNING: Geometry.hpp - Torsion: dihedral close to end of range definition
WARNING: Geometry.hpp - Torsion: dihedral close to end of range definition
WARNING: Geometry.hpp - Torsion: dihedral close to end of range definition
WARNING: Geometry.hpp - Torsion: dihedral close to end of range definition
WARNING: Geometry.hpp - Torsion: dihedral close to end of range definition
WARNING: Geometry.hpp - Torsion: dihedral close to end of range definition
WARNING: Geometry.hpp - Torsion: dihedral close to end of range definition
WARNING: Geometry.hpp - Torsion: dihedral close to end of range definition
WARNING: Geometry.hpp - Torsion: dihedral close to end of range definition
WARNING: Geometry.hpp - Torsion: dihedral close to end of range definition
WARNING: Geometry.hpp - Torsion: dihedral close to end of range definition
WARNING: Geometry.hpp - Torsion: dihedral close to end of range definition
WARNING: Geometry.hpp - Torsion: dihedral close to end of range definition
WARNING: Geometry.hpp - Torsion: dihedral close to end of range definition
WARNING: Geometry.hpp - Torsion: dihedral close to end of range definition
WARNING: Geometry.hpp - Torsion: dihedral close to end of range definition
WARNING: Geometry.hpp - Torsion: dihedral close to end of range definition
WARNING: Geometry.hpp - Torsion: dihedral close to end of range definition
WARNING: Geometry.hpp - Torsion: dihedral close to end of range definition
WARNING: Geometry.hpp - Torsion: dihedral close to end of range definition
WARNING: Geometry.hpp - Torsion: dihedral close to end of range definition
WARNING: Geometry.hpp - Torsion: dihedral close to end of range definition
WARNING: Geometry.hpp - Torsion: dihedral close to end of range definition
WARNING: Geometry.hpp - Torsion: dihedral close to end of range definition
WARNING: Geometry.hpp - Torsion: dihedral close to end of range definition
iter = 1
        |g(k)| = 0.0840577         max|g(k)| = 0.153433        congG = 0
        |Delta E| = 0.0182843
current energy = -27.8911 Eh
iter = 2
        |g(k)| = 0.0362628         max|g(k)| = 0.0530613        congG = 0
        |Delta E| = 0.00613589
current energy = -27.8972 Eh
iter = 3
        |g(k)| = 0.0189547         max|g(k)| = 0.0388786        congG = 0
        |Delta E| = 0.00235995
current energy = -27.8996 Eh
iter = 4
        |g(k)| = 0.005923         max|g(k)| = 0.00920982        congG = 0
        |Delta E| = 0.00031329
current energy = -27.8999 Eh
iter = 5
        |g(k)| = 0.00230788         max|g(k)| = 0.0036778        congG = 0
        |Delta E| = 3.22732e-05
current energy = -27.8999 Eh
iter = 6
        |g(k)| = 0.00129908         max|g(k)| = 0.00237623        congG = 0
        |Delta E| = 1.42359e-05
current energy = -27.8999 Eh
iter = 7
        |g(k)| = 0.000396065         max|g(k)| = 0.000693693        congG = 1
        |Delta E| = 6.68518e-07
current energy = -27.8999 Eh
Convergence in 7 iterations.
