running naphthalene.xyz
charge          = 0
level shift     = 0.1
WARNING: Geometry.hpp - Torsion: dihedral close to end of range definition
WARNING: Geometry.hpp - Torsion: dihedral close to end of range definition
WARNING: Geometry.hpp - Torsion: dihedral close to end of range definition
WARNING: Geometry.hpp - Torsion: dihedral close to end of range definition
WARNING: Geometry.hpp - Torsion: dihedral close to end of range definition
WARNING: Geometry.hpp - Torsion: dihedral close to end of range definition
WARNING: Geometry.hpp - Torsion: dihedral close to end of range definition
WARNING: Geometry.hpp - Torsion: dihedral close to end of range definition
WARNING: Geometry.hpp - Torsion: dihedral close to end of range definition
WARNING: Geometry.hpp - Torsion: dihedral close to end of range definition
WARNING: Geometry.hpp - Torsion: dihedral close to end of range definition
WARNING: Geometry.hpp - Torsion: dihedral close to end of range definition
WARNING: Geometry.hpp - Torsion: dihedral close to end of range definition
WARNING: Geometry.hpp - Torsion: dihedral close to end of range definition
WARNING: Geometry.hpp - Torsion: dihedral close to end of range definition
WARNING: Geometry.hpp - Torsion: dihedral close to end of range definition
WARNING: Geometry.hpp - Torsion: dihedral close to end of range definition
WARNING: Geometry.hpp - Torsion: dihedral close to end of range definition
WARNING: Geometry.hpp - Torsion: dihedral close to end of range definition
WARNING: Geometry.hpp - Torsion: dihedral close to end of range definition
WARNING: Geometry.hpp - Torsion: dihedral close to end of range definition
WARNING: Geometry.hpp - Torsion: dihedral close to end of range definition
WARNING: Geometry.hpp - Torsion: dihedral close to end of range definition
WARNING: Geometry.hpp - Torsion: dihedral close to end of range definition
WARNING: Geometry.hpp - Torsion: dihedral close to end of range definition
WARNING: Geometry.hpp - Torsion: dihedral close to end of range definition
WARNING: Geometry.hpp - Torsion: dihedral close to end of range definition
WARNING: Geometry.hpp - Torsion: dihedral close to end of range definition
WARNING: Geometry.hpp - Torsion: dihedral close to end of range definition
WARNING: Geometry.hpp - Torsion: dihedral close to end of range definition
WARNING: Geometry.hpp - Torsion: dihedral close to end of range definition
WARNING: Geometry.hpp - Torsion: dihedral close to end of range definition
WARNING: Geometry.hpp - Torsion: dihedral close to end of range definition
WARNING: Geometry.hpp - Torsion: dihedral close to end of range definition
WARNING: Geometry.hpp - Torsion: dihedral close to end of range definition
WARNING: Geometry.hpp - Torsion: dihedral close to end of range definition
WARNING: Geometry.hpp - Torsion: dihedral close to end of range definition
WARNING: Geometry.hpp - Torsion: dihedral close to end of range definition
WARNING: Geometry.hpp - Torsion: dihedral close to end of range definition
WARNING: Geometry.hpp - Torsion: dihedral close to end of range definition
WARNING: Geometry.hpp - Torsion: dihedral close to end of range definition
WARNING: Geometry.hpp - Torsion: dihedral close to end of range definition
WARNING: Geometry.hpp - Torsion: dihedral close to end of range definition
WARNING: Geometry.hpp - Torsion: dihedral close to end of range definition
WARNING: Geometry.hpp - Torsion: dihedral close to end of range definition
WARNING: Geometry.hpp - Torsion: dihedral close to end of range definition
WARNING: Geometry.hpp - Torsion: dihedral close to end of range definition
WARNING: Geometry.hpp - Torsion: dihedral close to end of range definition
WARNING: Geometry.hpp - Torsion: dihedral close to end of range definition
WARNING: Geometry.hpp - Torsion: dihedral close to end of range definition
WARNING: Geometry.hpp - Torsion: dihedral close to end of range definition
WARNING: Geometry.hpp - Torsion: dihedral close to end of range definition
WARNING: Geometry.hpp - Torsion: dihedral close to end of range definition
WARNING: Geometry.hpp - Torsion: dihedral close to end of range definition
WARNING: Geometry.hpp - Torsion: dihedral close to end of range definition
WARNING: Geometry.hpp - Torsion: dihedral close to end of range definition
WARNING: Geometry.hpp - Torsion: dihedral close to end of range definition
WARNING: Geometry.hpp - Torsion: dihedral close to end of range definition
WARNING: Geometry.hpp - Torsion: dihedral close to end of range definition
WARNING: Geometry.hpp - Torsion: dihedral close to end of range definition
WARNING: Geometry.hpp - Torsion: dihedral close to end of range definition
WARNING: Geometry.hpp - Torsion: dihedral close to end of range definition
WARNING: Geometry.hpp - Torsion: dihedral close to end of range definition
WARNING: Geometry.hpp - Torsion: dihedral close to end of range definition
WARNING: Geometry.hpp - Torsion: dihedral close to end of range definition
WARNING: Geometry.hpp - Torsion: dihedral close to end of range definition
WARNING: Geometry.hpp - Torsion: dihedral close to end of range definition
WARNING: Geometry.hpp - Torsion: dihedral close to end of range definition
WARNING: Geometry.hpp - Torsion: dihedral close to end of range definition
WARNING: Geometry.hpp - Torsion: dihedral close to end of range definition
WARNING: Geometry.hpp - Torsion: dihedral close to end of range definition
WARNING: Geometry.hpp - Torsion: dihedral close to end of range definition
WARNING: Geometry.hpp - Torsion: dihedral close to end of range definition
WARNING: Geometry.hpp - Torsion: dihedral close to end of range definition
WARNING: Geometry.hpp - Torsion: dihedral close to end of range definition
WARNING: Geometry.hpp - Torsion: dihedral close to end of range definition
WARNING: Geometry.hpp - Torsion: dihedral close to end of range definition
WARNING: Geometry.hpp - Torsion: dihedral close to end of range definition
WARNING: Geometry.hpp - Torsion: dihedral close to end of range definition
WARNING: Geometry.hpp - Torsion: dihedral close to end of range definition
WARNING: Geometry.hpp - Torsion: dihedral close to end of range definition
WARNING: Geometry.hpp - Torsion: dihedral close to end of range definition
WARNING: Geometry.hpp - Torsion: dihedral close to end of range definition
WARNING: Geometry.hpp - Torsion: dihedral close to end of range definition
WARNING: Geometry.hpp - Torsion: dihedral close to end of range definition
WARNING: Geometry.hpp - Torsion: dihedral close to end of range definition
WARNING: Geometry.hpp - Torsion: dihedral close to end of range definition
WARNING: Geometry.hpp - Torsion: dihedral close to end of range definition
WARNING: Geometry.hpp - Torsion: dihedral close to end of range definition
WARNING: Geometry.hpp - Torsion: dihedral close to end of range definition
WARNING: Geometry.hpp - Torsion: dihedral close to end of range definition
WARNING: Geometry.hpp - Torsion: dihedral close to end of range definition
WARNING: Geometry.hpp - Torsion: dihedral close to end of range definition
WARNING: Geometry.hpp - Torsion: dihedral close to end of range definition
WARNING: Geometry.hpp - Torsion: dihedral close to end of range definition
WARNING: Geometry.hpp - Torsion: dihedral close to end of range definition
WARNING: Geometry.hpp - Torsion: dihedral close to end of range definition
WARNING: Geometry.hpp - Torsion: dihedral close to end of range definition
WARNING: Geometry.hpp - Torsion: dihedral close to end of range definition
WARNING: Geometry.hpp - Torsion: dihedral close to end of range definition
WARNING: Geometry.hpp - Torsion: dihedral close to end of range definition
WARNING: Geometry.hpp - Torsion: dihedral close to end of range definition
WARNING: Geometry.hpp - Torsion: dihedral close to end of range definition
WARNING: Geometry.hpp - Torsion: dihedral close to end of range definition
WARNING: Geometry.hpp - Torsion: dihedral close to end of range definition
WARNING: Geometry.hpp - Torsion: dihedral close to end of range definition
WARNING: Geometry.hpp - Torsion: dihedral close to end of range definition
WARNING: Geometry.hpp - Torsion: dihedral close to end of range definition
WARNING: Geometry.hpp - Torsion: dihedral close to end of range definition
WARNING: Geometry.hpp - Torsion: dihedral close to end of range definition
WARNING: Geometry.hpp - Torsion: dihedral close to end of range definition
WARNING: Geometry.hpp - Torsion: dihedral close to end of range definition
WARNING: Geometry.hpp - Torsion: dihedral close to end of range definition
WARNING: Geometry.hpp - Torsion: dihedral close to end of range definition
WARNING: Geometry.hpp - Torsion: dihedral close to end of range definition
WARNING: Geometry.hpp - Torsion: dihedral close to end of range definition
WARNING: Geometry.hpp - Torsion: dihedral close to end of range definition
WARNING: Geometry.hpp - Torsion: dihedral close to end of range definition
WARNING: Geometry.hpp - Torsion: dihedral close to end of range definition
WARNING: Geometry.hpp - Torsion: dihedral close to end of range definition
WARNING: Geometry.hpp - Torsion: dihedral close to end of range definition
WARNING: Geometry.hpp - Torsion: dihedral close to end of range definition
WARNING: Geometry.hpp - Torsion: dihedral close to end of range definition
WARNING: Geometry.hpp - Torsion: dihedral close to end of range definition
WARNING: Geometry.hpp - Torsion: dihedral close to end of range definition
WARNING: Geometry.hpp - Torsion: dihedral close to end of range definition
WARNING: Geometry.hpp - Torsion: dihedral close to end of range definition
WARNING: Geometry.hpp - Torsion: dihedral close to end of range definition
WARNING: Geometry.hpp - Torsion: dihedral close to end of range definition
WARNING: Geometry.hpp - Torsion: dihedral close to end of range definition
WARNING: Geometry.hpp - Torsion: dihedral close to end of range definition
WARNING: Geometry.hpp - Torsion: dihedral close to end of range definition
WARNING: Geometry.hpp - Torsion: dihedral close to end of range definition
WARNING: Geometry.hpp - Torsion: dihedral close to end of range definition
WARNING: Geometry.hpp - Torsion: dihedral close to end of range definition
WARNING: Geometry.hpp - Torsion: dihedral close to end of range definition
WARNING: Geometry.hpp - Torsion: dihedral close to end of range definition
WARNING: Geometry.hpp - Torsion: dihedral close to end of range definition
WARNING: Geometry.hpp - Torsion: dihedral close to end of range definition
WARNING: Geometry.hpp - Torsion: dihedral close to end of range definition
WARNING: Geometry.hpp - Torsion: dihedral close to end of range definition
WARNING: Geometry.hpp - Torsion: dihedral close to end of range definition
WARNING: Geometry.hpp - Torsion: dihedral close to end of range definition
WARNING: Geometry.hpp - Torsion: dihedral close to end of range definition
WARNING: Geometry.hpp - Torsion: dihedral close to end of range definition
WARNING: Geometry.hpp - Torsion: dihedral close to end of range definition
WARNING: Geometry.hpp - Torsion: dihedral close to end of range definition
WARNING: Geometry.hpp - Torsion: dihedral close to end of range definition
WARNING: Geometry.hpp - Torsion: dihedral close to end of range definition
WARNING: Geometry.hpp - Torsion: dihedral close to end of range definition
WARNING: Geometry.hpp - Torsion: dihedral close to end of range definition
WARNING: Geometry.hpp - Torsion: dihedral close to end of range definition
WARNING: Geometry.hpp - Torsion: dihedral close to end of range definition
WARNING: Geometry.hpp - Torsion: dihedral close to end of range definition
WARNING: Geometry.hpp - Torsion: dihedral close to end of range definition
WARNING: Geometry.hpp - Torsion: dihedral close to end of range definition
WARNING: Geometry.hpp - Torsion: dihedral close to end of range definition
WARNING: Geometry.hpp - Torsion: dihedral close to end of range definition
WARNING: Geometry.hpp - Torsion: dihedral close to end of range definition
WARNING: Geometry.hpp - Torsion: dihedral close to end of range definition
WARNING: Geometry.hpp - Torsion: dihedral close to end of range definition
WARNING: Geometry.hpp - Torsion: dihedral close to end of range definition
WARNING: Geometry.hpp - Torsion: dihedral close to end of range definition
WARNING: Geometry.hpp - Torsion: dihedral close to end of range definition
WARNING: Geometry.hpp - Torsion: dihedral close to end of range definition
WARNING: Geometry.hpp - Torsion: dihedral close to end of range definition
WARNING: Geometry.hpp - Torsion: dihedral close to end of range definition
WARNING: Geometry.hpp - Torsion: dihedral close to end of range definition
WARNING: Geometry.hpp - Torsion: dihedral close to end of range definition
WARNING: Geometry.hpp - Torsion: dihedral close to end of range definition
WARNING: Geometry.hpp - Torsion: dihedral close to end of range definition
WARNING: Geometry.hpp - Torsion: dihedral close to end of range definition
WARNING: Geometry.hpp - Torsion: dihedral close to end of range definition
WARNING: Geometry.hpp - Torsion: dihedral close to end of range definition
WARNING: Geometry.hpp - Torsion: dihedral close to end of range definition
WARNING: Geometry.hpp - Torsion: dihedral close to end of range definition
WARNING: Geometry.hpp - Torsion: dihedral close to end of range definition
WARNING: Geometry.hpp - Torsion: dihedral close to end of range definition
WARNING: Geometry.hpp - Torsion: dihedral close to end of range definition
WARNING: Geometry.hpp - Torsion: dihedral close to end of range definition
WARNING: Geometry.hpp - Torsion: dihedral close to end of range definition
WARNING: Geometry.hpp - Torsion: dihedral close to end of range definition
WARNING: Geometry.hpp - Torsion: dihedral close to end of range definition
WARNING: Geometry.hpp - Torsion: dihedral close to end of range definition
WARNING: Geometry.hpp - Torsion: dihedral close to end of range definition
WARNING: Geometry.hpp - Torsion: dihedral close to end of range definition
WARNING: Geometry.hpp - Torsion: dihedral close to end of range definition
WARNING: Geometry.hpp - Torsion: dihedral close to end of range definition
WARNING: Geometry.hpp - Torsion: dihedral close to end of range definition
WARNING: Geometry.hpp - Torsion: dihedral close to end of range definition
WARNING: Geometry.hpp - Torsion: dihedral close to end of range definition
WARNING: Geometry.hpp - Torsion: dihedral close to end of range definition
WARNING: Geometry.hpp - Torsion: dihedral close to end of range definition
WARNING: Geometry.hpp - Torsion: dihedral close to end of range definition
WARNING: Geometry.hpp - Torsion: dihedral close to end of range definition
WARNING: Geometry.hpp - Torsion: dihedral close to end of range definition
WARNING: Geometry.hpp - Torsion: dihedral close to end of range definition
WARNING: Geometry.hpp - Torsion: dihedral close to end of range definition
WARNING: Geometry.hpp - Torsion: dihedral close to end of range definition
WARNING: Geometry.hpp - Torsion: dihedral close to end of range definition
WARNING: Geometry.hpp - Torsion: dihedral close to end of range definition
WARNING: Geometry.hpp - Torsion: dihedral close to end of range definition
WARNING: Geometry.hpp - Torsion: dihedral close to end of range definition
WARNING: Geometry.hpp - Torsion: dihedral close to end of range definition
WARNING: Geometry.hpp - Torsion: dihedral close to end of range definition
WARNING: Geometry.hpp - Torsion: dihedral close to end of range definition
WARNING: Geometry.hpp - Torsion: dihedral close to end of range definition
WARNING: Geometry.hpp - Torsion: dihedral close to end of range definition
WARNING: Geometry.hpp - Torsion: dihedral close to end of range definition
WARNING: Geometry.hpp - Torsion: dihedral close to end of range definition
WARNING: Geometry.hpp - Torsion: dihedral close to end of range definition
WARNING: Geometry.hpp - Torsion: dihedral close to end of range definition
WARNING: Geometry.hpp - Torsion: dihedral close to end of range definition
WARNING: Geometry.hpp - Torsion: dihedral close to end of range definition
WARNING: Geometry.hpp - Torsion: dihedral close to end of range definition
WARNING: Geometry.hpp - Torsion: dihedral close to end of range definition
WARNING: Geometry.hpp - Torsion: dihedral close to end of range definition
WARNING: Geometry.hpp - Torsion: dihedral close to end of range definition
WARNING: Geometry.hpp - Torsion: dihedral close to end of range definition
WARNING: Geometry.hpp - Torsion: dihedral close to end of range definition
WARNING: Geometry.hpp - Torsion: dihedral close to end of range definition
WARNING: Geometry.hpp - Torsion: dihedral close to end of range definition
WARNING: Geometry.hpp - Torsion: dihedral close to end of range definition
WARNING: Geometry.hpp - Torsion: dihedral close to end of range definition
WARNING: Geometry.hpp - Torsion: dihedral close to end of range definition
WARNING: Geometry.hpp - Torsion: dihedral close to end of range definition
WARNING: Geometry.hpp - Torsion: dihedral close to end of range definition
WARNING: Geometry.hpp - Torsion: dihedral close to end of range definition
WARNING: Geometry.hpp - Torsion: dihedral close to end of range definition
WARNING: Geometry.hpp - Torsion: dihedral close to end of range definition
WARNING: Geometry.hpp - Torsion: dihedral close to end of range definition
WARNING: Geometry.hpp - Torsion: dihedral close to end of range definition
WARNING: Geometry.hpp - Torsion: dihedral close to end of range definition
WARNING: Geometry.hpp - Torsion: dihedral close to end of range definition
WARNING: Geometry.hpp - Torsion: dihedral close to end of range definition
WARNING: Geometry.hpp - Torsion: dihedral close to end of range definition
WARNING: Geometry.hpp - Torsion: dihedral close to end of range definition
WARNING: Geometry.hpp - Torsion: dihedral close to end of range definition
WARNING: Geometry.hpp - Torsion: dihedral close to end of range definition
WARNING: Geometry.hpp - Torsion: dihedral close to end of range definition
WARNING: Geometry.hpp - Torsion: dihedral close to end of range definition
WARNING: Geometry.hpp - Torsion: dihedral close to end of range definition
WARNING: Geometry.hpp - Torsion: dihedral close to end of range definition
WARNING: Geometry.hpp - Torsion: dihedral close to end of range definition
WARNING: Geometry.hpp - Torsion: dihedral close to end of range definition
WARNING: Geometry.hpp - Torsion: dihedral close to end of range definition
WARNING: Geometry.hpp - Torsion: dihedral close to end of range definition
WARNING: Geometry.hpp - Torsion: dihedral close to end of range definition
WARNING: Geometry.hpp - Torsion: dihedral close to end of range definition
WARNING: Geometry.hpp - Torsion: dihedral close to end of range definition
WARNING: Geometry.hpp - Torsion: dihedral close to end of range definition
WARNING: Geometry.hpp - Torsion: dihedral close to end of range definition
WARNING: Geometry.hpp - Torsion: dihedral close to end of range definition
WARNING: Geometry.hpp - Torsion: dihedral close to end of range definition
WARNING: Geometry.hpp - Torsion: dihedral close to end of range definition
WARNING: Geometry.hpp - Torsion: dihedral close to end of range definition
WARNING: Geometry.hpp - Torsion: dihedral close to end of range definition
WARNING: Geometry.hpp - Torsion: dihedral close to end of range definition
WARNING: Geometry.hpp - Torsion: dihedral close to end of range definition
WARNING: Geometry.hpp - Torsion: dihedral close to end of range definition
WARNING: Geometry.hpp - Torsion: dihedral close to end of range definition
WARNING: Geometry.hpp - Torsion: dihedral close to end of range definition
WARNING: Geometry.hpp - Torsion: dihedral close to end of range definition
WARNING: Geometry.hpp - Torsion: dihedral close to end of range definition
WARNING: Geometry.hpp - Torsion: dihedral close to end of range definition
WARNING: Geometry.hpp - Torsion: dihedral close to end of range definition
WARNING: Geometry.hpp - Torsion: dihedral close to end of range definition
WARNING: Geometry.hpp - Torsion: dihedral close to end of range definition
WARNING: Geometry.hpp - Torsion: dihedral close to end of range definition
WARNING: Geometry.hpp - Torsion: dihedral close to end of range definition
WARNING: Geometry.hpp - Torsion: dihedral close to end of range definition
WARNING: Geometry.hpp - Torsion: dihedral close to end of range definition
WARNING: Geometry.hpp - Torsion: dihedral close to end of range definition
WARNING: Geometry.hpp - Torsion: dihedral close to end of range definition
WARNING: Geometry.hpp - Torsion: dihedral close to end of range definition
WARNING: Geometry.hpp - Torsion: dihedral close to end of range definition
WARNING: Geometry.hpp - Torsion: dihedral close to end of range definition
WARNING: Geometry.hpp - Torsion: dihedral close to end of range definition
WARNING: Geometry.hpp - Torsion: dihedral close to end of range definition
WARNING: Geometry.hpp - Torsion: dihedral close to end of range definition
WARNING: Geometry.hpp - Torsion: dihedral close to end of range definition
WARNING: Geometry.hpp - Torsion: dihedral close to end of range definition
WARNING: Geometry.hpp - Torsion: dihedral close to end of range definition
WARNING: Geometry.hpp - Torsion: dihedral close to end of range definition
WARNING: Geometry.hpp - Torsion: dihedral close to end of range definition
WARNING: Geometry.hpp - Torsion: dihedral close to end of range definition
WARNING: Geometry.hpp - Torsion: dihedral close to end of range definition
WARNING: Geometry.hpp - Torsion: dihedral close to end of range definition
WARNING: Geometry.hpp - Torsion: dihedral close to end of range definition
WARNING: Geometry.hpp - Torsion: dihedral close to end of range definition
WARNING: Geometry.hpp - Torsion: dihedral close to end of range definition
WARNING: Geometry.hpp - Torsion: dihedral close to end of range definition
WARNING: Geometry.hpp - Torsion: dihedral close to end of range definition
WARNING: Geometry.hpp - Torsion: dihedral close to end of range definition
WARNING: Geometry.hpp - Torsion: dihedral close to end of range definition
WARNING: Geometry.hpp - Torsion: dihedral close to end of range definition
WARNING: Geometry.hpp - Torsion: dihedral close to end of range definition
WARNING: Geometry.hpp - Torsion: dihedral close to end of range definition
WARNING: Geometry.hpp - Torsion: dihedral close to end of range definition
WARNING: Geometry.hpp - Torsion: dihedral close to end of range definition
WARNING: Geometry.hpp - Torsion: dihedral close to end of range definition
WARNING: Geometry.hpp - Torsion: dihedral close to end of range definition
WARNING: Geometry.hpp - Torsion: dihedral close to end of range definition
WARNING: Geometry.hpp - Torsion: dihedral close to end of range definition
WARNING: Geometry.hpp - Torsion: dihedral close to end of range definition
WARNING: Geometry.hpp - Torsion: dihedral close to end of range definition
WARNING: Geometry.hpp - Torsion: dihedral close to end of range definition
WARNING: Geometry.hpp - Torsion: dihedral close to end of range definition
WARNING: Geometry.hpp - Torsion: dihedral close to end of range definition
WARNING: Geometry.hpp - Torsion: dihedral close to end of range definition
WARNING: Geometry.hpp - Torsion: dihedral close to end of range definition
WARNING: Geometry.hpp - Torsion: dihedral close to end of range definition
WARNING: Geometry.hpp - Torsion: dihedral close to end of range definition
WARNING: Geometry.hpp - Torsion: dihedral close to end of range definition
WARNING: Geometry.hpp - Torsion: dihedral close to end of range definition
WARNING: Geometry.hpp - Torsion: dihedral close to end of range definition
WARNING: Geometry.hpp - Torsion: dihedral close to end of range definition
WARNING: Geometry.hpp - Torsion: dihedral close to end of range definition
WARNING: Geometry.hpp - Torsion: dihedral close to end of range definition
WARNING: Geometry.hpp - Torsion: dihedral close to end of range definition
WARNING: Geometry.hpp - Torsion: dihedral close to end of range definition
WARNING: Geometry.hpp - Torsion: dihedral close to end of range definition
WARNING: Geometry.hpp - Torsion: dihedral close to end of range definition
WARNING: Geometry.hpp - Torsion: dihedral close to end of range definition
WARNING: Geometry.hpp - Torsion: dihedral close to end of range definition
WARNING: Geometry.hpp - Torsion: dihedral close to end of range definition
WARNING: Geometry.hpp - Torsion: dihedral close to end of range definition
WARNING: Geometry.hpp - Torsion: dihedral close to end of range definition
WARNING: Geometry.hpp - Torsion: dihedral close to end of range definition
WARNING: Geometry.hpp - Torsion: dihedral close to end of range definition
WARNING: Geometry.hpp - Torsion: dihedral close to end of range definition
WARNING: Geometry.hpp - Torsion: dihedral close to end of range definition
WARNING: Geometry.hpp - Torsion: dihedral close to end of range definition
WARNING: Geometry.hpp - Torsion: dihedral close to end of range definition
WARNING: Geometry.hpp - Torsion: dihedral close to end of range definition
WARNING: Geometry.hpp - Torsion: dihedral close to end of range definition
WARNING: Geometry.hpp - Torsion: dihedral close to end of range definition
WARNING: Geometry.hpp - Torsion: dihedral close to end of range definition
WARNING: Geometry.hpp - Torsion: dihedral close to end of range definition
WARNING: Geometry.hpp - Torsion: dihedral close to end of range definition
WARNING: Geometry.hpp - Torsion: dihedral close to end of range definition
WARNING: Geometry.hpp - Torsion: dihedral close to end of range definition
WARNING: Geometry.hpp - Torsion: dihedral close to end of range definition
WARNING: Geometry.hpp - Torsion: dihedral close to end of range definition
WARNING: Geometry.hpp - Torsion: dihedral close to end of range definition
WARNING: Geometry.hpp - Torsion: dihedral close to end of range definition
WARNING: Geometry.hpp - Torsion: dihedral close to end of range definition
WARNING: Geometry.hpp - Torsion: dihedral close to end of range definition
WARNING: Geometry.hpp - Torsion: dihedral close to end of range definition
WARNING: Geometry.hpp - Torsion: dihedral close to end of range definition
WARNING: Geometry.hpp - Torsion: dihedral close to end of range definition
WARNING: Geometry.hpp - Torsion: dihedral close to end of range definition
WARNING: Geometry.hpp - Torsion: dihedral close to end of range definition
WARNING: Geometry.hpp - Torsion: dihedral close to end of range definition
WARNING: Geometry.hpp - Torsion: dihedral close to end of range definition
WARNING: Geometry.hpp - Torsion: dihedral close to end of range definition
WARNING: Geometry.hpp - Torsion: dihedral close to end of range definition
WARNING: Geometry.hpp - Torsion: dihedral close to end of range definition
WARNING: Geometry.hpp - Torsion: dihedral close to end of range definition
WARNING: Geometry.hpp - Torsion: dihedral close to end of range definition
WARNING: Geometry.hpp - Torsion: dihedral close to end of range definition
WARNING: Geometry.hpp - Torsion: dihedral close to end of range definition
WARNING: Geometry.hpp - Torsion: dihedral close to end of range definition
WARNING: Geometry.hpp - Torsion: dihedral close to end of range definition
WARNING: Geometry.hpp - Torsion: dihedral close to end of range definition
WARNING: Geometry.hpp - Torsion: dihedral close to end of range definition
WARNING: Geometry.hpp - Torsion: dihedral close to end of range definition
WARNING: Geometry.hpp - Torsion: dihedral close to end of range definition
WARNING: Geometry.hpp - Torsion: dihedral close to end of range definition
WARNING: Geometry.hpp - Torsion: dihedral close to end of range definition
WARNING: Geometry.hpp - Torsion: dihedral close to end of range definition
WARNING: Geometry.hpp - Torsion: dihedral close to end of range definition
WARNING: Geometry.hpp - Torsion: dihedral close to end of range definition
WARNING: Geometry.hpp - Torsion: dihedral close to end of range definition
WARNING: Geometry.hpp - Torsion: dihedral close to end of range definition
WARNING: Geometry.hpp - Torsion: dihedral close to end of range definition
WARNING: Geometry.hpp - Torsion: dihedral close to end of range definition
WARNING: Geometry.hpp - Torsion: dihedral close to end of range definition
WARNING: Geometry.hpp - Torsion: dihedral close to end of range definition
WARNING: Geometry.hpp - Torsion: dihedral close to end of range definition
WARNING: Geometry.hpp - Torsion: dihedral close to end of range definition
WARNING: Geometry.hpp - Torsion: dihedral close to end of range definition
WARNING: Geometry.hpp - Torsion: dihedral close to end of range definition
WARNING: Geometry.hpp - Torsion: dihedral close to end of range definition
WARNING: Geometry.hpp - Torsion: dihedral close to end of range definition
WARNING: Geometry.hpp - Torsion: dihedral close to end of range definition
WARNING: Geometry.hpp - Torsion: dihedral close to end of range definition
WARNING: Geometry.hpp - Torsion: dihedral close to end of range definition
WARNING: Geometry.hpp - Torsion: dihedral close to end of range definition
WARNING: Geometry.hpp - Torsion: dihedral close to end of range definition
WARNING: Geometry.hpp - Torsion: dihedral close to end of range definition
WARNING: Geometry.hpp - Torsion: dihedral close to end of range definition
WARNING: Geometry.hpp - Torsion: dihedral close to end of range definition
WARNING: Geometry.hpp - Torsion: dihedral close to end of range definition
WARNING: Geometry.hpp - Torsion: dihedral close to end of range definition
WARNING: Geometry.hpp - Torsion: dihedral close to end of range definition
WARNING: Geometry.hpp - Torsion: dihedral close to end of range definition
WARNING: Geometry.hpp - Torsion: dihedral close to end of range definition
WARNING: Geometry.hpp - Torsion: dihedral close to end of range definition
WARNING: Geometry.hpp - Torsion: dihedral close to end of range definition
WARNING: Geometry.hpp - Torsion: dihedral close to end of range definition
WARNING: Geometry.hpp - Torsion: dihedral close to end of range definition
WARNING: Geometry.hpp - Torsion: dihedral close to end of range definition
WARNING: Geometry.hpp - Torsion: dihedral close to end of range definition
WARNING: Geometry.hpp - Torsion: dihedral close to end of range definition
WARNING: Geometry.hpp - Torsion: dihedral close to end of range definition
WARNING: Geometry.hpp - Torsion: dihedral close to end of range definition
WARNING: Geometry.hpp - Torsion: dihedral close to end of range definition
WARNING: Geometry.hpp - Torsion: dihedral close to end of range definition
WARNING: Geometry.hpp - Torsion: dihedral close to end of range definition
WARNING: Geometry.hpp - Torsion: dihedral close to end of range definition
WARNING: Geometry.hpp - Torsion: dihedral close to end of range definition
WARNING: Geometry.hpp - Torsion: dihedral close to end of range definition
WARNING: Geometry.hpp - Torsion: dihedral close to end of range definition
WARNING: Geometry.hpp - Torsion: dihedral close to end of range definition
WARNING: Geometry.hpp - Torsion: dihedral close to end of range definition
WARNING: Geometry.hpp - Torsion: dihedral close to end of range definition
WARNING: Geometry.hpp - Torsion: dihedral close to end of range definition
WARNING: Geometry.hpp - Torsion: dihedral close to end of range definition
WARNING: Geometry.hpp - Torsion: dihedral close to end of range definition
WARNING: Geometry.hpp - Torsion: dihedral close to end of range definition
WARNING: Geometry.hpp - Torsion: dihedral close to end of range definition
WARNING: Geometry.hpp - Torsion: dihedral close to end of range definition
WARNING: Geometry.hpp - Torsion: dihedral close to end of range definition
WARNING: Geometry.hpp - Torsion: dihedral close to end of range definition
WARNING: Geometry.hpp - Torsion: dihedral close to end of range definition
WARNING: Geometry.hpp - Torsion: dihedral close to end of range definition
WARNING: Geometry.hpp - Torsion: dihedral close to end of range definition
WARNING: Geometry.hpp - Torsion: dihedral close to end of range definition
WARNING: Geometry.hpp - Torsion: dihedral close to end of range definition
WARNING: Geometry.hpp - Torsion: dihedral close to end of range definition
WARNING: Geometry.hpp - Torsion: dihedral close to end of range definition
WARNING: Geometry.hpp - Torsion: dihedral close to end of range definition
WARNING: Geometry.hpp - Torsion: dihedral close to end of range definition
WARNING: Geometry.hpp - Torsion: dihedral close to end of range definition
WARNING: Geometry.hpp - Torsion: dihedral close to end of range definition
WARNING: Geometry.hpp - Torsion: dihedral close to end of range definition
WARNING: Geometry.hpp - Torsion: dihedral close to end of range definition
WARNING: Geometry.hpp - Torsion: dihedral close to end of range definition
WARNING: Geometry.hpp - Torsion: dihedral close to end of range definition
WARNING: Geometry.hpp - Torsion: dihedral close to end of range definition
WARNING: Geometry.hpp - Torsion: dihedral close to end of range definition
WARNING: Geometry.hpp - Torsion: dihedral close to end of range definition
WARNING: Geometry.hpp - Torsion: dihedral close to end of range definition
WARNING: Geometry.hpp - Torsion: dihedral close to end of range definition
WARNING: Geometry.hpp - Torsion: dihedral close to end of range definition
WARNING: Geometry.hpp - Torsion: dihedral close to end of range definition
WARNING: Geometry.hpp - Torsion: dihedral close to end of range definition
WARNING: Geometry.hpp - Torsion: dihedral close to end of range definition
WARNING: Geometry.hpp - Torsion: dihedral close to end of range definition
WARNING: Geometry.hpp - Torsion: dihedral close to end of range definition
WARNING: Geometry.hpp - Torsion: dihedral close to end of range definition
WARNING: Geometry.hpp - Torsion: dihedral close to end of range definition
WARNING: Geometry.hpp - Torsion: dihedral close to end of range definition
WARNING: Geometry.hpp - Torsion: dihedral close to end of range definition
WARNING: Geometry.hpp - Torsion: dihedral close to end of range definition
WARNING: Geometry.hpp - Torsion: dihedral close to end of range definition
WARNING: Geometry.hpp - Torsion: dihedral close to end of range definition
WARNING: Geometry.hpp - Torsion: dihedral close to end of range definition
WARNING: Geometry.hpp - Torsion: dihedral close to end of range definition
WARNING: Geometry.hpp - Torsion: dihedral close to end of range definition
WARNING: Geometry.hpp - Torsion: dihedral close to end of range definition
WARNING: Geometry.hpp - Torsion: dihedral close to end of range definition
WARNING: Geometry.hpp - Torsion: dihedral close to end of range definition
WARNING: Geometry.hpp - Torsion: dihedral close to end of range definition
WARNING: Geometry.hpp - Torsion: dihedral close to end of range definition
WARNING: Geometry.hpp - Torsion: dihedral close to end of range definition
WARNING: Geometry.hpp - Torsion: dihedral close to end of range definition
WARNING: Geometry.hpp - Torsion: dihedral close to end of range definition
WARNING: Geometry.hpp - Torsion: dihedral close to end of range definition
WARNING: Geometry.hpp - Torsion: dihedral close to end of range definition
WARNING: Geometry.hpp - Torsion: dihedral close to end of range definition
WARNING: Geometry.hpp - Torsion: dihedral close to end of range definition
WARNING: Geometry.hpp - Torsion: dihedral close to end of range definition
WARNING: Geometry.hpp - Torsion: dihedral close to end of range definition
WARNING: Geometry.hpp - Torsion: dihedral close to end of range definition
WARNING: Geometry.hpp - Torsion: dihedral close to end of range definition
WARNING: Geometry.hpp - Torsion: dihedral close to end of range definition
WARNING: Geometry.hpp - Torsion: dihedral close to end of range definition
WARNING: Geometry.hpp - Torsion: dihedral close to end of range definition
WARNING: Geometry.hpp - Torsion: dihedral close to end of range definition
WARNING: Geometry.hpp - Torsion: dihedral close to end of range definition
WARNING: Geometry.hpp - Torsion: dihedral close to end of range definition
WARNING: Geometry.hpp - Torsion: dihedral close to end of range definition
WARNING: Geometry.hpp - Torsion: dihedral close to end of range definition
WARNING: Geometry.hpp - Torsion: dihedral close to end of range definition
WARNING: Geometry.hpp - Torsion: dihedral close to end of range definition
WARNING: Geometry.hpp - Torsion: dihedral close to end of range definition
WARNING: Geometry.hpp - Torsion: dihedral close to end of range definition
WARNING: Geometry.hpp - Torsion: dihedral close to end of range definition
WARNING: Geometry.hpp - Torsion: dihedral close to end of range definition
WARNING: Geometry.hpp - Torsion: dihedral close to end of range definition
WARNING: Geometry.hpp - Torsion: dihedral close to end of range definition
WARNING: Geometry.hpp - Torsion: dihedral close to end of range definition
WARNING: Geometry.hpp - Torsion: dihedral close to end of range definition
WARNING: Geometry.hpp - Torsion: dihedral close to end of range definition
WARNING: Geometry.hpp - Torsion: dihedral close to end of range definition
WARNING: Geometry.hpp - Torsion: dihedral close to end of range definition
WARNING: Geometry.hpp - Torsion: dihedral close to end of range definition
WARNING: Geometry.hpp - Torsion: dihedral close to end of range definition
WARNING: Geometry.hpp - Torsion: dihedral close to end of range definition
WARNING: Geometry.hpp - Torsion: dihedral close to end of range definition
WARNING: Geometry.hpp - Torsion: dihedral close to end of range definition
WARNING: Geometry.hpp - Torsion: dihedral close to end of range definition
WARNING: Geometry.hpp - Torsion: dihedral close to end of range definition
WARNING: Geometry.hpp - Torsion: dihedral close to end of range definition
iter = 1
        |g(k)| = 0.0417289         max|g(k)| = 0.14156        congG = 0
        |Delta E| = 0.0042518
current energy = -48.967 Eh
iter = 2
        |g(k)| = 0.0163535         max|g(k)| = 0.0580396        congG = 0
        |Delta E| = 0.0010789
current energy = -48.9681 Eh
iter = 3
        |g(k)| = 0.0021292         max|g(k)| = 0.00571815        congG = 0
        |Delta E| = 4.27369e-05
current energy = -48.9681 Eh
iter = 4
        |g(k)| = 0.000731828         max|g(k)| = 0.00225031        congG = 0
        |Delta E| = 5.17914e-06
current energy = -48.9681 Eh
iter = 5
        |g(k)| = 0.000284591         max|g(k)| = 0.000929127        congG = 1
        |Delta E| = 6.08559e-07
current energy = -48.9681 Eh
Convergence in 5 iterations.
Optimized g energy: -48.9658851 Hartree

