            --------------------------------------------------------
                             AMBER SQM VERSION 19
 
                                     By
              Ross C. Walker, Michael F. Crowley, Scott Brozell,
                         Tim Giese, Andreas W. Goetz,
                        Tai-Sung Lee and David A. Case
 
            --------------------------------------------------------
 

--------------------------------------------------------------------------------
  QM CALCULATION INFO
--------------------------------------------------------------------------------

| QMMM: Citation for AMBER QMMM Run:
| QMMM: R.C. Walker, M.F. Crowley and D.A. Case, J. COMP. CHEM. 29:1019, 2008

QMMM: SINGLET STATE CALCULATION
QMMM: RHF CALCULATION, NO. OF DOUBLY OCCUPIED LEVELS = 24

| QMMM: *** Selected Hamiltonian *** 
| QMMM: AM1         

| QMMM: *** Parameter sets in use ***
| QMMM: C : M.J.S.DEWAR et al. JACS, 107, 3902, (1985)
| QMMM: H : M.J.S.DEWAR et al. JACS, 107, 3902, (1985)

| QMMM: *** SCF convergence criteria ***
| QMMM: Energy change                :  0.1D-09 kcal/mol
| QMMM: Error matrix |FP-PF|         :  0.1D+00 au
| QMMM: Density matrix change        :  0.5D-06
| QMMM: Maximum number of SCF cycles :     1000

| QMMM: *** Diagonalization Routine Information ***
| QMMM: Pseudo diagonalizations are allowed.
| QMMM: Auto diagonalization routine selection is in use.
| QMMM:
| QMMM: Timing diagonalization routines:
| QMMM:                              norbs =       48
| QMMM:    diag iterations used for timing =       20
| QMMM:
| QMMM:              Internal diag routine = 0.005536 seconds
| QMMM:                 Dspev diag routine = 0.008524 seconds
| QMMM:                Dspevd diag routine = 0.006757 seconds
| QMMM:                Dspevx diag routine = 0.024120 seconds
| QMMM:                 Dsyev diag routine = 0.008081 seconds
| QMMM:                Dsyevd diag routine = 0.006464 seconds
| QMMM:                Dsyevr diag routine = 0.007300 seconds
| QMMM:
| QMMM:                Pseudo diag routine = 0.002007 seconds
| QMMM:
| QMMM: Using internal diagonalization routine (diag_routine=1).

  QMMM: QM Region Cartesian Coordinates (*=link atom) 
  QMMM: QM_NO.   MM_NO.  ATOM         X         Y         Z
  QMMM:     1        1      C       -0.0740   -2.5040   -0.3970
  QMMM:     2        2      C       -1.0360   -1.5680   -0.1140
  QMMM:     3        3      C       -0.6800   -0.1920    0.0610
  QMMM:     4        4      C        0.6800    0.1920   -0.0610
  QMMM:     5        5      C        1.6630   -0.8070   -0.3570
  QMMM:     6        6      C        1.2940   -2.1190   -0.5200
  QMMM:     7        7      H       -2.0820   -1.8530   -0.0180
  QMMM:     8        8      C       -1.6630    0.8070    0.3570
  QMMM:     9        9      C        1.0360    1.5680    0.1140
  QMMM:    10       10      H        2.7040   -0.5040   -0.4490
  QMMM:    11       11      H        2.0350   -2.8840   -0.7460
  QMMM:    12       12      H       -0.3360   -3.5520   -0.5320
  QMMM:    13       13      C       -1.2940    2.1190    0.5200
  QMMM:    14       14      C        0.0740    2.5040    0.3970
  QMMM:    15       15      H       -2.7040    0.5040    0.4490
  QMMM:    16       16      H       -2.0350    2.8840    0.7460
  QMMM:    17       17      H        2.0820    1.8530    0.0180
  QMMM:    18       18      H        0.3360    3.5520    0.5320

--------------------------------------------------------------------------------
  RESULTS
--------------------------------------------------------------------------------

      iter         sqm energy              rms gradient
      ----    -------------------    -----------------------
xmin    10       40.4446 kcal/mol        0.0016 kcal/(mol*A)
  ... geometry converged !
 
 Final MO eigenvalues (eV):
 -40.4541  -36.7293  -33.1055  -30.8481  -29.6702  -24.1276  -23.5187  -22.5241
 -18.3309  -17.5893  -16.9297  -15.4580  -15.0771  -14.2885  -14.2112  -14.0730
 -13.6106  -12.6025  -12.0349  -11.8600  -11.5936  -10.6592   -9.3402   -8.7110
  -0.2652    0.1802    1.2108    2.1246    3.2767    3.6840    3.8500    3.9541
   3.9780    4.1089    4.2646    4.4206    4.4728    4.4873    4.8289    5.0978
   5.1641    5.3216    5.3355    5.5770    5.6774    5.7292    5.9817    6.1334


 Heat of formation   =         40.44459106 kcal/mol  (        1.75380907 eV)

 Total SCF energy    =     -32049.10568765 kcal/mol  (    -1389.75350972 eV)
 Electronic energy   =    -156698.74827378 kcal/mol  (    -6794.96761952 eV)
 Core-core repulsion =     124649.64258613 kcal/mol  (     5405.21410980 eV)
 
    Atomic Charges for Step       1 :
  Atom    Element       Mulliken Charge
     1      C                 -0.128
     2      C                 -0.117
     3      C                 -0.037
     4      C                 -0.037
     5      C                 -0.117
     6      C                 -0.128
     7      H                  0.132
     8      C                 -0.117
     9      C                 -0.117
    10      H                  0.132
    11      H                  0.132
    12      H                  0.132
    13      C                 -0.128
    14      C                 -0.128
    15      H                  0.132
    16      H                  0.132
    17      H                  0.132
    18      H                  0.132
 Total Mulliken Charge =      -0.000
 
                  X        Y        Z     TOTAL  
  QM DIPOLE     0.000   -0.000    0.000    0.000
 
 Final Structure

  QMMM: QM Region Cartesian Coordinates (*=link atom) 
  QMMM: QM_NO.   MM_NO.  ATOM         X         Y         Z
  QMMM:     1        1      C       -0.0705   -2.4958   -0.3962
  QMMM:     2        2      C       -1.0328   -1.5583   -0.1129
  QMMM:     3        3      C       -0.6802   -0.1918    0.0613
  QMMM:     4        4      C        0.6802    0.1918   -0.0613
  QMMM:     5        5      C        1.6555   -0.8004   -0.3552
  QMMM:     6        6      C        1.2874   -2.1130   -0.5185
  QMMM:     7        7      H       -2.0904   -1.8460   -0.0160
  QMMM:     8        8      C       -1.6555    0.8004    0.3552
  QMMM:     9        9      C        1.0328    1.5583    0.1129
  QMMM:    10       10      H        2.7080   -0.4932   -0.4483
  QMMM:    11       11      H        2.0399   -2.8824   -0.7459
  QMMM:    12       12      H       -0.3406   -3.5535   -0.5314
  QMMM:    13       13      C       -1.2874    2.1130    0.5185
  QMMM:    14       14      C        0.0705    2.4958    0.3962
  QMMM:    15       15      H       -2.7080    0.4932    0.4483
  QMMM:    16       16      H       -2.0399    2.8824    0.7459
  QMMM:    17       17      H        2.0904    1.8460    0.0160
  QMMM:    18       18      H        0.3406    3.5535    0.5314

           --------- Calculation Completed ----------

