running tbuoh.xyz
charge          = 0
level shift     = 0.1
WARNING: Geometry.hpp - Torsion: dihedral close to end of range definition
WARNING: Geometry.hpp - Torsion: dihedral close to end of range definition
WARNING: Geometry.hpp - Torsion: dihedral close to end of range definition
WARNING: Geometry.hpp - Torsion: dihedral close to end of range definition
WARNING: Geometry.hpp - Torsion: dihedral close to end of range definition
WARNING: Geometry.hpp - Torsion: dihedral close to end of range definition
WARNING: Geometry.hpp - Torsion: dihedral close to end of range definition
WARNING: Geometry.hpp - Torsion: dihedral close to end of range definition
WARNING: Geometry.hpp - Torsion: dihedral close to end of range definition
WARNING: Geometry.hpp - Torsion: dihedral close to end of range definition
WARNING: Geometry.hpp - Torsion: dihedral close to end of range definition
WARNING: Geometry.hpp - Torsion: dihedral close to end of range definition
WARNING: Geometry.hpp - Torsion: dihedral close to end of range definition
WARNING: Geometry.hpp - Torsion: dihedral close to end of range definition
WARNING: Geometry.hpp - Torsion: dihedral close to end of range definition
WARNING: Geometry.hpp - Torsion: dihedral close to end of range definition
WARNING: Geometry.hpp - Torsion: dihedral close to end of range definition
WARNING: Geometry.hpp - Torsion: dihedral close to end of range definition
WARNING: Geometry.hpp - Torsion: dihedral close to end of range definition
WARNING: Geometry.hpp - Torsion: dihedral close to end of range definition
WARNING: Geometry.hpp - Torsion: dihedral close to end of range definition
WARNING: Geometry.hpp - Torsion: dihedral close to end of range definition
WARNING: Geometry.hpp - Torsion: dihedral close to end of range definition
WARNING: Geometry.hpp - Torsion: dihedral close to end of range definition
WARNING: Geometry.hpp - Torsion: dihedral close to end of range definition
WARNING: Geometry.hpp - Torsion: dihedral close to end of range definition
WARNING: Geometry.hpp - Torsion: dihedral close to end of range definition
WARNING: Geometry.hpp - Torsion: dihedral close to end of range definition
WARNING: Geometry.hpp - Torsion: dihedral close to end of range definition
WARNING: Geometry.hpp - Torsion: dihedral close to end of range definition
WARNING: Geometry.hpp - Torsion: dihedral close to end of range definition
WARNING: Geometry.hpp - Torsion: dihedral close to end of range definition
WARNING: Geometry.hpp - Torsion: dihedral close to end of range definition
WARNING: Geometry.hpp - Torsion: dihedral close to end of range definition
WARNING: Geometry.hpp - Torsion: dihedral close to end of range definition
WARNING: Geometry.hpp - Torsion: dihedral close to end of range definition
WARNING: Geometry.hpp - Torsion: dihedral close to end of range definition
WARNING: Geometry.hpp - Torsion: dihedral close to end of range definition
WARNING: Geometry.hpp - Torsion: dihedral close to end of range definition
WARNING: Geometry.hpp - Torsion: dihedral close to end of range definition
WARNING: Geometry.hpp - Torsion: dihedral close to end of range definition
WARNING: Geometry.hpp - Torsion: dihedral close to end of range definition
WARNING: Geometry.hpp - Torsion: dihedral close to end of range definition
WARNING: Geometry.hpp - Torsion: dihedral close to end of range definition
WARNING: Geometry.hpp - Torsion: dihedral close to end of range definition
WARNING: Geometry.hpp - Torsion: dihedral close to end of range definition
WARNING: Geometry.hpp - Torsion: dihedral close to end of range definition
WARNING: Geometry.hpp - Torsion: dihedral close to end of range definition
WARNING: Geometry.hpp - Torsion: dihedral close to end of range definition
WARNING: Geometry.hpp - Torsion: dihedral close to end of range definition
WARNING: Geometry.hpp - Torsion: dihedral close to end of range definition
WARNING: Geometry.hpp - Torsion: dihedral close to end of range definition
WARNING: Geometry.hpp - Torsion: dihedral close to end of range definition
WARNING: Geometry.hpp - Torsion: dihedral close to end of range definition
WARNING: Geometry.hpp - Torsion: dihedral close to end of range definition
WARNING: Geometry.hpp - Torsion: dihedral close to end of range definition
WARNING: Geometry.hpp - Torsion: dihedral close to end of range definition
WARNING: Geometry.hpp - Torsion: dihedral close to end of range definition
WARNING: Geometry.hpp - Torsion: dihedral close to end of range definition
WARNING: Geometry.hpp - Torsion: dihedral close to end of range definition
WARNING: Geometry.hpp - Torsion: dihedral close to end of range definition
WARNING: Geometry.hpp - Torsion: dihedral close to end of range definition
WARNING: Geometry.hpp - Torsion: dihedral close to end of range definition
WARNING: Geometry.hpp - Torsion: dihedral close to end of range definition
WARNING: Geometry.hpp - Torsion: dihedral close to end of range definition
WARNING: Geometry.hpp - Torsion: dihedral close to end of range definition
WARNING: Geometry.hpp - Torsion: dihedral close to end of range definition
WARNING: Geometry.hpp - Torsion: dihedral close to end of range definition
WARNING: Geometry.hpp - Torsion: dihedral close to end of range definition
WARNING: Geometry.hpp - Torsion: dihedral close to end of range definition
WARNING: Geometry.hpp - Torsion: dihedral close to end of range definition
WARNING: Geometry.hpp - Torsion: dihedral close to end of range definition
WARNING: Geometry.hpp - Torsion: dihedral close to end of range definition
WARNING: Geometry.hpp - Torsion: dihedral close to end of range definition
WARNING: Geometry.hpp - Torsion: dihedral close to end of range definition
WARNING: Geometry.hpp - Torsion: dihedral close to end of range definition
WARNING: Geometry.hpp - Torsion: dihedral close to end of range definition
WARNING: Geometry.hpp - Torsion: dihedral close to end of range definition
WARNING: Geometry.hpp - Torsion: dihedral close to end of range definition
WARNING: Geometry.hpp - Torsion: dihedral close to end of range definition
WARNING: Geometry.hpp - Torsion: dihedral close to end of range definition
WARNING: Geometry.hpp - Torsion: dihedral close to end of range definition
WARNING: Geometry.hpp - Torsion: dihedral close to end of range definition
WARNING: Geometry.hpp - Torsion: dihedral close to end of range definition
WARNING: Geometry.hpp - Torsion: dihedral close to end of range definition
WARNING: Geometry.hpp - Torsion: dihedral close to end of range definition
WARNING: Geometry.hpp - Torsion: dihedral close to end of range definition
WARNING: Geometry.hpp - Torsion: dihedral close to end of range definition
WARNING: Geometry.hpp - Torsion: dihedral close to end of range definition
WARNING: Geometry.hpp - Torsion: dihedral close to end of range definition
WARNING: Geometry.hpp - Torsion: dihedral close to end of range definition
WARNING: Geometry.hpp - Torsion: dihedral close to end of range definition
WARNING: Geometry.hpp - Torsion: dihedral close to end of range definition
WARNING: Geometry.hpp - Torsion: dihedral close to end of range definition
WARNING: Geometry.hpp - Torsion: dihedral close to end of range definition
WARNING: Geometry.hpp - Torsion: dihedral close to end of range definition
WARNING: Geometry.hpp - Torsion: dihedral close to end of range definition
WARNING: Geometry.hpp - Torsion: dihedral close to end of range definition
WARNING: Geometry.hpp - Torsion: dihedral close to end of range definition
WARNING: Geometry.hpp - Torsion: dihedral close to end of range definition
WARNING: Geometry.hpp - Torsion: dihedral close to end of range definition
WARNING: Geometry.hpp - Torsion: dihedral close to end of range definition
WARNING: Geometry.hpp - Torsion: dihedral close to end of range definition
WARNING: Geometry.hpp - Torsion: dihedral close to end of range definition
WARNING: Geometry.hpp - Torsion: dihedral close to end of range definition
WARNING: Geometry.hpp - Torsion: dihedral close to end of range definition
WARNING: Geometry.hpp - Torsion: dihedral close to end of range definition
WARNING: Geometry.hpp - Torsion: dihedral close to end of range definition
WARNING: Geometry.hpp - Torsion: dihedral close to end of range definition
WARNING: Geometry.hpp - Torsion: dihedral close to end of range definition
WARNING: Geometry.hpp - Torsion: dihedral close to end of range definition
WARNING: Geometry.hpp - Torsion: dihedral close to end of range definition
WARNING: Geometry.hpp - Torsion: dihedral close to end of range definition
WARNING: Geometry.hpp - Torsion: dihedral close to end of range definition
WARNING: Geometry.hpp - Torsion: dihedral close to end of range definition
WARNING: Geometry.hpp - Torsion: dihedral close to end of range definition
WARNING: Geometry.hpp - Torsion: dihedral close to end of range definition
WARNING: Geometry.hpp - Torsion: dihedral close to end of range definition
iter = 1
        |g(k)| = 0.025653         max|g(k)| = 0.0679814        congG = 0
        |Delta E| = 0.00185857
current energy = -33.7472 Eh
iter = 2
        |g(k)| = 0.0130336         max|g(k)| = 0.0344688        congG = 0
        |Delta E| = 0.000862889
current energy = -33.748 Eh
iter = 3
        |g(k)| = 0.00690837         max|g(k)| = 0.0185306        congG = 0
        |Delta E| = 0.000491402
current energy = -33.7485 Eh
iter = 4
        |g(k)| = 0.00469013         max|g(k)| = 0.0114665        congG = 0
        |Delta E| = 0.000294213
current energy = -33.7488 Eh
iter = 5
        |g(k)| = 0.00582012         max|g(k)| = 0.0147304        congG = 0
        |Delta E| = 0.000338142
current energy = -33.7492 Eh
iter = 6
        |g(k)| = 0.00368932         max|g(k)| = 0.00909992        congG = 0
        |Delta E| = 0.000236922
current energy = -33.7494 Eh
iter = 7
        |g(k)| = 0.00397451         max|g(k)| = 0.00865948        congG = 0
        |Delta E| = 0.000232274
current energy = -33.7496 Eh
iter = 8
        |g(k)| = 0.00235313         max|g(k)| = 0.00648602        congG = 0
        |Delta E| = 0.000159211
current energy = -33.7498 Eh
iter = 9
        |g(k)| = 0.00273979         max|g(k)| = 0.00536303        congG = 0
        |Delta E| = 0.000141935
current energy = -33.7499 Eh
iter = 10
        |g(k)| = 0.00135029         max|g(k)| = 0.00391891        congG = 0
        |Delta E| = 9.00281e-05
current energy = -33.75 Eh
iter = 11
        |g(k)| = 0.00153882         max|g(k)| = 0.00320445        congG = 0
        |Delta E| = 6.4802e-05
current energy = -33.7501 Eh
iter = 12
        |g(k)| = 0.000560781         max|g(k)| = 0.00165443        congG = 1
        |Delta E| = 3.54107e-05
current energy = -33.7501 Eh
iter = 13
        |g(k)| = 0.000574056         max|g(k)| = 0.00127994        congG = 1
        |Delta E| = 2.1307e-05
current energy = -33.7501 Eh
iter = 14
        |g(k)| = 0.000223194         max|g(k)| = 0.000596578        congG = 1
        |Delta E| = 1.41882e-05
current energy = -33.7502 Eh
iter = 15
        |g(k)| = 0.000220508         max|g(k)| = 0.000545153        congG = 1
        |Delta E| = 1.16743e-05
current energy = -33.7502 Eh
iter = 16
        |g(k)| = 0.000200807         max|g(k)| = 0.000479922        congG = 1
        |Delta E| = 1.01791e-05
current energy = -33.7502 Eh
iter = 17
        |g(k)| = 0.000183469         max|g(k)| = 0.000403425        congG = 1
        |Delta E| = 8.36132e-06
current energy = -33.7502 Eh
iter = 18
        |g(k)| = 0.000471159         max|g(k)| = 0.00092938        congG = 1
        |Delta E| = 8.36465e-06
current energy = -33.7502 Eh
iter = 19
        |g(k)| = 0.000267408         max|g(k)| = 0.00062371        congG = 1
        |Delta E| = 2.5294e-06
current energy = -33.7502 Eh
Convergence in 19 iterations.
print output:
gas constant:     8.31447
number molecules: 6.02214e+23
particle in box: 
   n dimensions      3
   mass              1.230821e-25
   volume            0.022400

rigid rotor: 
   symmetry group    5
   sigma             1
   inertia           1.783272e-45 1.804086e-45 1.907206e-45 
harmonic oscillator: 
   vibrations        283.634841 305.965971 326.648411 336.465237 361.629179 401.423137 444.860530 477.377071 485.459901 890.596550 924.877332 958.607223 967.840489 972.749816 1004.394237 1011.797252 1157.658352 1235.196078 1247.419956 1252.118881 1253.417939 1257.844003 1260.206086 1268.868979 1282.328582 1324.825015 1337.073310 1355.997622 1382.471418 2519.160700 2687.216568 2692.760523 2693.721453 2695.535855 2697.870690 2702.965491 2787.140747 2788.599969 2794.184891 
   ThetaVibr         408.086757 440.216232 469.973612 484.097817 520.303071 577.557628 640.054270 686.838261 698.467636 1281.368172 1330.690508 1379.220238 1392.504832 1399.568249 1445.097455 1455.748729 1665.610052 1777.169404 1794.756817 1801.517513 1803.386566 1809.754677 1813.153182 1825.617138 1844.982480 1906.125291 1923.747833 1950.975662 1989.065502 3624.505779 3866.300383 3874.276887 3875.659450 3878.269966 3881.629269 3888.959542 4010.068807 4012.168299 4020.203746 
Electronic energies: 
(1.000000) -33.750203  
temperature (K)      U (J/[K.mol])   
100.000000  244.468047
110.000000  248.077345
120.000000  251.678914
130.000000  255.279327
140.000000  258.878295
150.000000  262.472696
160.000000  266.058831
170.000000  269.633562
180.000000  273.194763
190.000000  276.741387
200.000000  280.273341
210.000000  283.791265
220.000000  287.296308
230.000000  290.789917
240.000000  294.273655
250.000000  297.749072
260.000000  301.217601
270.000000  304.680496
280.000000  308.138789
290.000000  311.593283
300.000000  315.044542
310.000000  318.492908
320.000000  321.938519
330.000000  325.381330
340.000000  328.821142
350.000000  332.257622
360.000000  335.690334
370.000000  339.118758
380.000000  342.542312
390.000000  345.960371
400.000000  349.372285
410.000000  352.777388
420.000000  356.175015
430.000000  359.564509
440.000000  362.945230
450.000000  366.316558
460.000000  369.677900
470.000000  373.028695
480.000000  376.368411
490.000000  379.696552
500.000000  383.012653
510.000000  386.316287
520.000000  389.607058
530.000000  392.884604
540.000000  396.148592
550.000000  399.398724
560.000000  402.634728
570.000000  405.856360
580.000000  409.063402
590.000000  412.255661
600.000000  415.432967
610.000000  418.595169
620.000000  421.742139
630.000000  424.873765
640.000000  427.989954
650.000000  431.090627
660.000000  434.175720
670.000000  437.245184
680.000000  440.298979
690.000000  443.337079
700.000000  446.359468
710.000000  449.366138
720.000000  452.357093
730.000000  455.332342
740.000000  458.291901
750.000000  461.235796
760.000000  464.164057
770.000000  467.076719
780.000000  469.973824
790.000000  472.855417
800.000000  475.721548
810.000000  478.572272
820.000000  481.407647
830.000000  484.227733
840.000000  487.032595
850.000000  489.822300
860.000000  492.596916
870.000000  495.356516
880.000000  498.101174
890.000000  500.830965
900.000000  503.545967
910.000000  506.246259
920.000000  508.931923
930.000000  511.603039
940.000000  514.259691
950.000000  516.901963
960.000000  519.529940
970.000000  522.143709
980.000000  524.743357
990.000000  527.328971
1000.000000  529.900639
1010.000000  532.458450
1020.000000  535.002493
1030.000000  537.532859
1040.000000  540.049636
1050.000000  542.552916
1060.000000  545.042789
1070.000000  547.519346
1080.000000  549.982677
1090.000000  552.432874
